- Nikto v2.1.6
---------------------------------------------------------------------------
+ Target IP:          192.168.241.169
+ Target Hostname:    192.168.241.169
+ Target Port:        80
+ Start Time:         2022-06-22 16:35:58 (GMT-4)
---------------------------------------------------------------------------
+ Server: Apache/2.4.48 (Win64) OpenSSL/1.1.1k PHP/8.0.7
+ Retrieved x-powered-by header: PHP/8.0.7
+ The anti-clickjacking X-Frame-Options header is not present.
+ The X-XSS-Protection header is not defined. This header can hint to the user agent to protect against some forms of XSS
+ The X-Content-Type-Options header is not set. This could allow the user agent to render the content of the site in a different fashion to the MIME type
+ Web Server returns a valid response with junk HTTP methods, this may cause false positives.
+ OSVDB-877: HTTP TRACE method is active, suggesting the host is vulnerable to XST
+ OSVDB-3268: /css/: Directory indexing found.
+ OSVDB-3092: /css/: This might be interesting...
+ OSVDB-3268: /icons/: Directory indexing found.
+ OSVDB-3233: /icons/README: Apache default file found.
- Nikto v2.1.6
---------------------------------------------------------------------------
+ Target IP:          192.168.241.169
+ Target Hostname:    192.168.241.169
+ Target Port:        80
+ Start Time:         2022-06-22 16:43:25 (GMT-4)
---------------------------------------------------------------------------
+ Server: Apache/2.4.48 (Win64) OpenSSL/1.1.1k PHP/8.0.7
+ Retrieved x-powered-by header: PHP/8.0.7
+ The anti-clickjacking X-Frame-Options header is not present.
+ The X-XSS-Protection header is not defined. This header can hint to the user agent to protect against some forms of XSS
+ The X-Content-Type-Options header is not set. This could allow the user agent to render the content of the site in a different fashion to the MIME type
+ Web Server returns a valid response with junk HTTP methods, this may cause false positives.
+ OSVDB-877: HTTP TRACE method is active, suggesting the host is vulnerable to XST
+ OSVDB-3268: /css/: Directory indexing found.
+ OSVDB-3092: /css/: This might be interesting...
+ OSVDB-3268: /icons/: Directory indexing found.
+ OSVDB-3233: /icons/README: Apache default file found.
+ 8726 requests: 0 error(s) and 10 item(s) reported on remote host
+ End Time:           2022-06-22 16:52:47 (GMT-4) (562 seconds)
---------------------------------------------------------------------------
+ 1 host(s) tested


      *********************************************************************
      Portions of the server's headers (Apache/2.4.48 PHP/8.0.7) are not in
      the Nikto 2.1.6 database or are newer than the known string. Would you like
      to submit this information (*no server specific data*) to CIRT.net
      for a Nikto update (or you may email to sullo@cirt.net) (y/n)? 
+ The anti-clickjacking X-Frame-Options header is not present.
+ The X-XSS-Protection header is not defined. This header can hint to the user agent to protect against some forms of XSS
+ The site uses SSL and the Strict-Transport-Security HTTP header is not defined.
+ The site uses SSL and Expect-CT header is not present.
- Sent updated info to cirt.net -- Thank you!
