[2022-05-07 02:12:22,840] Logger initiated
[2022-05-07 02:12:22,841] {"real": "rlbJMbDGgi", "nick": "znQyGlYZDZ", "config": {"proxyport": 9050, "real": "rlbJMbDGgi", "listDelay": null, "nolist": false, "ssl": false, "throttleLevel": 1.0, "user": "wExdGJVETM", "pass": null, "server": "192.168.122.44", "outputdir": ".", "channelstocheck": null, "proxyhost": null, "port": "6667", "nick": "znQyGlYZDZ"}, "user": "wExdGJVETM"}
[2022-05-07 02:12:22,889] USER wExdGJVETM 127.0.0.1 192.168.122.44 :rlbJMbDGgi
[2022-05-07 02:12:22,890] NICK znQyGlYZDZ
[2022-05-07 02:12:22,953] :irc.madcowz.localdomain NOTICE Auth :*** Looking up your hostname...
[2022-05-07 02:12:28,928] :irc.madcowz.localdomain NOTICE Auth :*** Could not resolve your hostname: Request timed out; using your IP address (192.168.49.122) instead.
[2022-05-07 02:12:28,928] :irc.madcowz.localdomain NOTICE Auth :Welcome to MadCowz!
[2022-05-07 02:12:28,929] :irc.madcowz.localdomain 001 znQyGlYZDZ :Welcome to the MadCowz IRC Network znQyGlYZDZ!wExdGJVETM@192.168.49.122
[2022-05-07 02:12:28,929] :irc.madcowz.localdomain 002 znQyGlYZDZ :Your host is irc.madcowz.localdomain, running version 2.0
[2022-05-07 02:12:28,929] :irc.madcowz.localdomain 003 znQyGlYZDZ :This server was created 10:20:51 May 10 2015
[2022-05-07 02:12:28,929] :irc.madcowz.localdomain 004 znQyGlYZDZ irc.madcowz.localdomain 2.0 iosw biklmnopstv bklov
[2022-05-07 02:12:28,930] :irc.madcowz.localdomain 005 znQyGlYZDZ AWAYLEN=200 CASEMAPPING=rfc1459 CHANMODES=b,k,l,imnpst CHANNELLEN=64 CHANTYPES=# CHARSET=ascii ELIST=MU FNC KICKLEN=255 MAP MAXBANS=60 MAXCHANNELS=20 MAXPARA=32 :are supported by this server
[2022-05-07 02:12:28,930] :irc.madcowz.localdomain 005 znQyGlYZDZ MAXTARGETS=20 MODES=20 NETWORK=MadCowz NICKLEN=31 PREFIX=(ov)@+ STATUSMSG=@+ TOPICLEN=307 VBANLIST WALLCHOPS WALLVOICES :are supported by this server
[2022-05-07 02:12:28,974] :irc.madcowz.localdomain 042 znQyGlYZDZ 909AAAAAB :your unique ID
[2022-05-07 02:12:28,974] :irc.madcowz.localdomain 375 znQyGlYZDZ :irc.madcowz.localdomain message of the day
[2022-05-07 02:12:28,975] :irc.madcowz.localdomain 372 znQyGlYZDZ :- Mad Cowz, y0!
[2022-05-07 02:12:28,975] :irc.madcowz.localdomain 376 znQyGlYZDZ :End of message of the day.
[2022-05-07 02:12:28,975] LIST
[2022-05-07 02:12:28,975] LINKS
[2022-05-07 02:12:28,976] NAMES
[2022-05-07 02:12:28,976] :irc.madcowz.localdomain 251 znQyGlYZDZ :There are 2 users and 0 invisible on 1 servers
[2022-05-07 02:12:28,976] :irc.madcowz.localdomain 254 znQyGlYZDZ 1 :channels formed
[2022-05-07 02:12:28,976] :irc.madcowz.localdomain 255 znQyGlYZDZ :I have 2 clients and 0 servers
[2022-05-07 02:12:28,977] :irc.madcowz.localdomain 265 znQyGlYZDZ :Current Local Users: 2  Max: 2
[2022-05-07 02:12:28,977] :irc.madcowz.localdomain 266 znQyGlYZDZ :Current Global Users: 2  Max: 2
[2022-05-07 02:12:29,021] :irc.madcowz.localdomain 321 znQyGlYZDZ Channel :Users Name
[2022-05-07 02:12:29,021] :irc.madcowz.localdomain 322 znQyGlYZDZ #ut99 1 :[+nt] Fragging since UT99!  Unreal Tournament 99 Game Server UP!  IP: *THIS*  Port: 7778
[2022-05-07 02:12:29,021] :irc.madcowz.localdomain 323 znQyGlYZDZ :End of channel list.
[2022-05-07 02:12:29,066] :irc.madcowz.localdomain 364 znQyGlYZDZ irc.madcowz.localdomain irc.madcowz.localdomain :0 Mad Cowz IRC
[2022-05-07 02:12:29,067] :irc.madcowz.localdomain 365 znQyGlYZDZ * :End of /LINKS list.
[2022-05-07 02:12:29,068] :irc.madcowz.localdomain 366 znQyGlYZDZ * :End of /NAMES list.
[2022-05-07 02:12:29,068] join * not found in is_processing
[2022-05-07 02:12:29,068] []
[2022-05-07 02:12:29,069] PART *
[2022-05-07 02:12:29,116] :irc.madcowz.localdomain 401 znQyGlYZDZ * :No such channel
[2022-05-07 02:12:29,290] JOIN #ut99
[2022-05-07 02:12:31,328] :znQyGlYZDZ!wExdGJVETM@192.168.49.122 JOIN :#ut99
[2022-05-07 02:12:31,328] :irc.madcowz.localdomain 332 znQyGlYZDZ #ut99 :Fragging since UT99!  Unreal Tournament 99 Game Server UP!  IP: *THIS*  Port: 7778
[2022-05-07 02:12:31,329] :irc.madcowz.localdomain 333 znQyGlYZDZ #ut99 daisy!daisy@0::1 1650972885
[2022-05-07 02:12:31,329] :irc.madcowz.localdomain 353 znQyGlYZDZ = #ut99 :@daisy znQyGlYZDZ 
[2022-05-07 02:12:31,330] :irc.madcowz.localdomain 366 znQyGlYZDZ #ut99 :End of /NAMES list.
[2022-05-07 02:12:31,331] PART #ut99
[2022-05-07 02:12:32,326] WHOIS daisy daisy
[2022-05-07 02:12:33,374] :znQyGlYZDZ!wExdGJVETM@192.168.49.122 PART #ut99
[2022-05-07 02:12:38,382] :irc.madcowz.localdomain 311 znQyGlYZDZ daisy daisy 0::1 * :realname
[2022-05-07 02:12:38,383] :irc.madcowz.localdomain 319 znQyGlYZDZ daisy :@#ut99 
[2022-05-07 02:12:38,384] :irc.madcowz.localdomain 312 znQyGlYZDZ daisy irc.madcowz.localdomain :Mad Cowz IRC
[2022-05-07 02:12:38,384] :irc.madcowz.localdomain 317 znQyGlYZDZ daisy 916673 1650972879 :seconds idle, signon time
[2022-05-07 02:12:38,385] :irc.madcowz.localdomain 318 znQyGlYZDZ daisy :End of /WHOIS list.
[2022-05-07 02:12:39,967] QUIT :
[2022-05-07 02:12:41,016] ERROR :Closing link: (wExdGJVETM@192.168.49.122) [Quit: ]
[2022-05-07 02:12:41,016] Disconnected
