[2021-12-16 02:26:16,389] Logger initiated
[2021-12-16 02:26:16,390] {"real": "HsRkxPPgwU", "nick": "tktMBQQMWI", "config": {"proxyport": 9050, "real": "HsRkxPPgwU", "listDelay": null, "nolist": false, "ssl": false, "throttleLevel": 1.0, "user": "TUxpqKxREh", "pass": null, "server": "192.168.226.44", "outputdir": ".", "channelstocheck": null, "proxyhost": null, "port": "6667", "nick": "tktMBQQMWI"}, "user": "TUxpqKxREh"}
[2021-12-16 02:26:16,448] USER TUxpqKxREh 127.0.0.1 192.168.226.44 :HsRkxPPgwU
[2021-12-16 02:26:16,449] NICK tktMBQQMWI
[2021-12-16 02:26:16,579] :irc.madcowz.localdomain NOTICE Auth :*** Looking up your hostname...
[2021-12-16 02:26:21,658] :irc.madcowz.localdomain NOTICE Auth :*** Could not resolve your hostname: Request timed out; using your IP address (192.168.49.226) instead.
[2021-12-16 02:26:21,658] :irc.madcowz.localdomain NOTICE Auth :Welcome to MadCowz!
[2021-12-16 02:26:21,658] :irc.madcowz.localdomain 001 tktMBQQMWI :Welcome to the MadCowz IRC Network tktMBQQMWI!TUxpqKxREh@192.168.49.226
[2021-12-16 02:26:21,658] :irc.madcowz.localdomain 002 tktMBQQMWI :Your host is irc.madcowz.localdomain, running version 2.0
[2021-12-16 02:26:21,659] :irc.madcowz.localdomain 003 tktMBQQMWI :This server was created 10:20:51 May 10 2015
[2021-12-16 02:26:21,659] :irc.madcowz.localdomain 004 tktMBQQMWI irc.madcowz.localdomain 2.0 iosw biklmnopstv bklov
[2021-12-16 02:26:21,659] :irc.madcowz.localdomain 005 tktMBQQMWI AWAYLEN=200 CASEMAPPING=rfc1459 CHANMODES=b,k,l,imnpst CHANNELLEN=64 CHANTYPES=# CHARSET=ascii ELIST=MU FNC KICKLEN=255 MAP MAXBANS=60 MAXCHANNELS=20 MAXPARA=32 :are supported by this server
[2021-12-16 02:26:21,659] :irc.madcowz.localdomain 005 tktMBQQMWI MAXTARGETS=20 MODES=20 NETWORK=MadCowz NICKLEN=31 PREFIX=(ov)@+ STATUSMSG=@+ TOPICLEN=307 VBANLIST WALLCHOPS WALLVOICES :are supported by this server
[2021-12-16 02:26:21,713] :irc.madcowz.localdomain 042 tktMBQQMWI 909AAAAAB :your unique ID
[2021-12-16 02:26:21,713] :irc.madcowz.localdomain 375 tktMBQQMWI :irc.madcowz.localdomain message of the day
[2021-12-16 02:26:21,713] :irc.madcowz.localdomain 372 tktMBQQMWI :- Mad Cowz, y0!
[2021-12-16 02:26:21,713] :irc.madcowz.localdomain 376 tktMBQQMWI :End of message of the day.
[2021-12-16 02:26:21,713] LIST
[2021-12-16 02:26:21,713] LINKS
[2021-12-16 02:26:21,713] NAMES
[2021-12-16 02:26:21,714] :irc.madcowz.localdomain 251 tktMBQQMWI :There are 2 users and 0 invisible on 1 servers
[2021-12-16 02:26:21,714] :irc.madcowz.localdomain 254 tktMBQQMWI 1 :channels formed
[2021-12-16 02:26:21,714] :irc.madcowz.localdomain 255 tktMBQQMWI :I have 2 clients and 0 servers
[2021-12-16 02:26:21,714] :irc.madcowz.localdomain 265 tktMBQQMWI :Current Local Users: 2  Max: 2
[2021-12-16 02:26:21,714] :irc.madcowz.localdomain 266 tktMBQQMWI :Current Global Users: 2  Max: 2
[2021-12-16 02:26:21,781] :irc.madcowz.localdomain 321 tktMBQQMWI Channel :Users Name
[2021-12-16 02:26:21,781] :irc.madcowz.localdomain 322 tktMBQQMWI #ut99 1 :[+nt] Fragging since UT99!  Unreal Tournament 99 Game Server UP!  IP: *THIS*  Port: 7778
[2021-12-16 02:26:21,781] :irc.madcowz.localdomain 323 tktMBQQMWI :End of channel list.
[2021-12-16 02:26:21,848] :irc.madcowz.localdomain 364 tktMBQQMWI irc.madcowz.localdomain irc.madcowz.localdomain :0 Mad Cowz IRC
[2021-12-16 02:26:21,848] :irc.madcowz.localdomain 365 tktMBQQMWI * :End of /LINKS list.
[2021-12-16 02:26:21,848] :irc.madcowz.localdomain 366 tktMBQQMWI * :End of /NAMES list.
[2021-12-16 02:26:21,848] join * not found in is_processing
[2021-12-16 02:26:21,848] []
[2021-12-16 02:26:21,848] PART *
[2021-12-16 02:26:21,906] :irc.madcowz.localdomain 401 tktMBQQMWI * :No such channel
[2021-12-16 02:26:22,476] JOIN #ut99
[2021-12-16 02:26:25,543] :tktMBQQMWI!TUxpqKxREh@192.168.49.226 JOIN :#ut99
[2021-12-16 02:26:25,543] :irc.madcowz.localdomain 332 tktMBQQMWI #ut99 :Fragging since UT99!  Unreal Tournament 99 Game Server UP!  IP: *THIS*  Port: 7778
[2021-12-16 02:26:25,543] :irc.madcowz.localdomain 333 tktMBQQMWI #ut99 daisy!daisy@0::1 1597262723
[2021-12-16 02:26:25,543] :irc.madcowz.localdomain 353 tktMBQQMWI = #ut99 :@daisy tktMBQQMWI 
[2021-12-16 02:26:25,543] :irc.madcowz.localdomain 366 tktMBQQMWI #ut99 :End of /NAMES list.
[2021-12-16 02:26:25,543] PART #ut99
[2021-12-16 02:26:26,955] WHOIS daisy daisy
[2021-12-16 02:26:27,033] :tktMBQQMWI!TUxpqKxREh@192.168.49.226 PART #ut99
[2021-12-16 02:26:32,212] :irc.madcowz.localdomain 311 tktMBQQMWI daisy daisy 0::1 * :realname
[2021-12-16 02:26:32,213] :irc.madcowz.localdomain 319 tktMBQQMWI daisy :@#ut99 
[2021-12-16 02:26:32,213] :irc.madcowz.localdomain 312 tktMBQQMWI daisy irc.madcowz.localdomain :Mad Cowz IRC
[2021-12-16 02:26:32,213] :irc.madcowz.localdomain 317 tktMBQQMWI daisy 42358868 1597262717 :seconds idle, signon time
[2021-12-16 02:26:32,213] :irc.madcowz.localdomain 318 tktMBQQMWI daisy :End of /WHOIS list.
[2021-12-16 02:26:32,256] QUIT :
[2021-12-16 02:26:34,332] ERROR :Closing link: (TUxpqKxREh@192.168.49.226) [Quit: ]
[2021-12-16 02:26:34,332] Disconnected
