Starting enum4linux v0.8.9 ( http://labs.portcullis.co.uk/application/enum4linux/ ) on Wed Jun 22 20:13:00 2022

 ========================== 
|    Target Information    |
 ========================== 
Target ........... 192.168.241.98
RID Range ........ 500-550,1000-1050
Username ......... ''
Password ......... ''
Known Usernames .. administrator, guest, krbtgt, domain admins, root, bin, none


 ====================================================== 
|    Enumerating Workgroup/Domain on 192.168.241.98    |
 ====================================================== 
[E] Can't find workgroup/domain


 ============================================== 
|    Nbtstat Information for 192.168.241.98    |
 ============================================== 
Looking up status of 192.168.241.98
No reply from 192.168.241.98

 ======================================= 
|    Session Check on 192.168.241.98    |
 ======================================= 
[+] Server 192.168.241.98 allows sessions using username '', password ''
[+] Got domain/workgroup name: 

 ============================================= 
|    Getting domain SID for 192.168.241.98    |
 ============================================= 
Domain Name: WORKGROUP
Domain Sid: (NULL SID)
[+] Can't determine if host is part of domain or part of a workgroup

 ======================================== 
|    OS information on 192.168.241.98    |
 ======================================== 
[+] Got OS info for 192.168.241.98 from smbclient: 
[+] Got OS info for 192.168.241.98 from srvinfo:
	PELICAN        Wk Sv PrQ Unx NT SNT Samba 4.9.5-Debian
	platform_id     :	500
	os version      :	6.1
	server type     :	0x809a03

 =============================== 
|    Users on 192.168.241.98    |
 =============================== 


 =========================================== 
|    Share Enumeration on 192.168.241.98    |
 =========================================== 

	Sharename       Type      Comment
	---------       ----      -------
	print$          Disk      Printer Drivers
	IPC$            IPC       IPC Service (Samba 4.9.5-Debian)
SMB1 disabled -- no workgroup available

[+] Attempting to map shares on 192.168.241.98
//192.168.241.98/print$	Mapping: DENIED, Listing: N/A
//192.168.241.98/IPC$	[E] Can't understand response:
NT_STATUS_OBJECT_NAME_NOT_FOUND listing \*

 ====================================================== 
|    Password Policy Information for 192.168.241.98    |
 ====================================================== 


[+] Attaching to 192.168.241.98 using a NULL share

[+] Trying protocol 139/SMB...

[+] Found domain(s):

	[+] PELICAN
	[+] Builtin

[+] Password Info for Domain: PELICAN

	[+] Minimum password length: 5
	[+] Password history length: None
	[+] Maximum password age: 37 days 6 hours 21 minutes 
	[+] Password Complexity Flags: 000000

		[+] Domain Refuse Password Change: 0
		[+] Domain Password Store Cleartext: 0
		[+] Domain Password Lockout Admins: 0
		[+] Domain Password No Clear Change: 0
		[+] Domain Password No Anon Change: 0
		[+] Domain Password Complex: 0

	[+] Minimum password age: None
	[+] Reset Account Lockout Counter: 30 minutes 
	[+] Locked Account Duration: 30 minutes 
	[+] Account Lockout Threshold: None
	[+] Forced Log off Time: 37 days 6 hours 21 minutes 


[+] Retieved partial password policy with rpcclient:

Password Complexity: Disabled
Minimum Password Length: 5


 ================================ 
|    Groups on 192.168.241.98    |
 ================================ 

[+] Getting builtin groups:

[+] Getting builtin group memberships:

[+] Getting local groups:

[+] Getting local group memberships:

[+] Getting domain groups:

[+] Getting domain group memberships:

 ========================================================================= 
|    Users on 192.168.241.98 via RID cycling (RIDS: 500-550,1000-1050)    |
 ========================================================================= 
[I] Found new SID: S-1-22-1
[I] Found new SID: S-1-5-21-3775993406-1587906097-1752599619
[I] Found new SID: S-1-5-32
[+] Enumerating users using SID S-1-22-1 and logon username '', password ''
S-1-22-1-1000 Unix User\charles (Local User)
[+] Enumerating users using SID S-1-5-32 and logon username '', password ''
S-1-5-32-500 *unknown*\*unknown* (8)
S-1-5-32-501 *unknown*\*unknown* (8)
S-1-5-32-502 *unknown*\*unknown* (8)
S-1-5-32-503 *unknown*\*unknown* (8)
S-1-5-32-504 *unknown*\*unknown* (8)
S-1-5-32-505 *unknown*\*unknown* (8)
S-1-5-32-506 *unknown*\*unknown* (8)
S-1-5-32-507 *unknown*\*unknown* (8)
S-1-5-32-508 *unknown*\*unknown* (8)
S-1-5-32-509 *unknown*\*unknown* (8)
S-1-5-32-510 *unknown*\*unknown* (8)
S-1-5-32-511 *unknown*\*unknown* (8)
S-1-5-32-512 *unknown*\*unknown* (8)
S-1-5-32-513 *unknown*\*unknown* (8)
S-1-5-32-514 *unknown*\*unknown* (8)
S-1-5-32-515 *unknown*\*unknown* (8)
S-1-5-32-516 *unknown*\*unknown* (8)
S-1-5-32-517 *unknown*\*unknown* (8)
S-1-5-32-518 *unknown*\*unknown* (8)
S-1-5-32-519 *unknown*\*unknown* (8)
S-1-5-32-520 *unknown*\*unknown* (8)
S-1-5-32-521 *unknown*\*unknown* (8)
S-1-5-32-522 *unknown*\*unknown* (8)
S-1-5-32-523 *unknown*\*unknown* (8)
S-1-5-32-524 *unknown*\*unknown* (8)
S-1-5-32-525 *unknown*\*unknown* (8)
S-1-5-32-526 *unknown*\*unknown* (8)
S-1-5-32-527 *unknown*\*unknown* (8)
S-1-5-32-528 *unknown*\*unknown* (8)
S-1-5-32-529 *unknown*\*unknown* (8)
S-1-5-32-530 *unknown*\*unknown* (8)
S-1-5-32-531 *unknown*\*unknown* (8)
S-1-5-32-532 *unknown*\*unknown* (8)
S-1-5-32-533 *unknown*\*unknown* (8)
S-1-5-32-534 *unknown*\*unknown* (8)
S-1-5-32-535 *unknown*\*unknown* (8)
S-1-5-32-536 *unknown*\*unknown* (8)
S-1-5-32-537 *unknown*\*unknown* (8)
S-1-5-32-538 *unknown*\*unknown* (8)
S-1-5-32-539 *unknown*\*unknown* (8)
S-1-5-32-540 *unknown*\*unknown* (8)
S-1-5-32-541 *unknown*\*unknown* (8)
S-1-5-32-542 *unknown*\*unknown* (8)
S-1-5-32-543 *unknown*\*unknown* (8)
S-1-5-32-544 BUILTIN\Administrators (Local Group)
S-1-5-32-545 BUILTIN\Users (Local Group)
S-1-5-32-546 BUILTIN\Guests (Local Group)
S-1-5-32-547 BUILTIN\Power Users (Local Group)
S-1-5-32-548 BUILTIN\Account Operators (Local Group)
S-1-5-32-549 BUILTIN\Server Operators (Local Group)
S-1-5-32-550 BUILTIN\Print Operators (Local Group)
S-1-5-32-1000 *unknown*\*unknown* (8)
S-1-5-32-1001 *unknown*\*unknown* (8)
S-1-5-32-1002 *unknown*\*unknown* (8)
S-1-5-32-1003 *unknown*\*unknown* (8)
S-1-5-32-1004 *unknown*\*unknown* (8)
S-1-5-32-1005 *unknown*\*unknown* (8)
S-1-5-32-1006 *unknown*\*unknown* (8)
S-1-5-32-1007 *unknown*\*unknown* (8)
S-1-5-32-1008 *unknown*\*unknown* (8)
S-1-5-32-1009 *unknown*\*unknown* (8)
S-1-5-32-1010 *unknown*\*unknown* (8)
S-1-5-32-1011 *unknown*\*unknown* (8)
S-1-5-32-1012 *unknown*\*unknown* (8)
S-1-5-32-1013 *unknown*\*unknown* (8)
S-1-5-32-1014 *unknown*\*unknown* (8)
S-1-5-32-1015 *unknown*\*unknown* (8)
S-1-5-32-1016 *unknown*\*unknown* (8)
S-1-5-32-1017 *unknown*\*unknown* (8)
S-1-5-32-1018 *unknown*\*unknown* (8)
S-1-5-32-1019 *unknown*\*unknown* (8)
S-1-5-32-1020 *unknown*\*unknown* (8)
S-1-5-32-1021 *unknown*\*unknown* (8)
S-1-5-32-1022 *unknown*\*unknown* (8)
S-1-5-32-1023 *unknown*\*unknown* (8)
S-1-5-32-1024 *unknown*\*unknown* (8)
S-1-5-32-1025 *unknown*\*unknown* (8)
S-1-5-32-1026 *unknown*\*unknown* (8)
S-1-5-32-1027 *unknown*\*unknown* (8)
S-1-5-32-1028 *unknown*\*unknown* (8)
S-1-5-32-1029 *unknown*\*unknown* (8)
S-1-5-32-1030 *unknown*\*unknown* (8)
S-1-5-32-1031 *unknown*\*unknown* (8)
S-1-5-32-1032 *unknown*\*unknown* (8)
S-1-5-32-1033 *unknown*\*unknown* (8)
S-1-5-32-1034 *unknown*\*unknown* (8)
S-1-5-32-1035 *unknown*\*unknown* (8)
S-1-5-32-1036 *unknown*\*unknown* (8)
S-1-5-32-1037 *unknown*\*unknown* (8)
S-1-5-32-1038 *unknown*\*unknown* (8)
S-1-5-32-1039 *unknown*\*unknown* (8)
S-1-5-32-1040 *unknown*\*unknown* (8)
S-1-5-32-1041 *unknown*\*unknown* (8)
S-1-5-32-1042 *unknown*\*unknown* (8)
S-1-5-32-1043 *unknown*\*unknown* (8)
S-1-5-32-1044 *unknown*\*unknown* (8)
S-1-5-32-1045 *unknown*\*unknown* (8)
S-1-5-32-1046 *unknown*\*unknown* (8)
S-1-5-32-1047 *unknown*\*unknown* (8)
S-1-5-32-1048 *unknown*\*unknown* (8)
S-1-5-32-1049 *unknown*\*unknown* (8)
S-1-5-32-1050 *unknown*\*unknown* (8)
[+] Enumerating users using SID S-1-5-21-3775993406-1587906097-1752599619 and logon username '', password ''
S-1-5-21-3775993406-1587906097-1752599619-500 *unknown*\*unknown* (8)
S-1-5-21-3775993406-1587906097-1752599619-501 PELICAN\nobody (Local User)
S-1-5-21-3775993406-1587906097-1752599619-502 *unknown*\*unknown* (8)
S-1-5-21-3775993406-1587906097-1752599619-503 *unknown*\*unknown* (8)
S-1-5-21-3775993406-1587906097-1752599619-504 *unknown*\*unknown* (8)
S-1-5-21-3775993406-1587906097-1752599619-505 *unknown*\*unknown* (8)
S-1-5-21-3775993406-1587906097-1752599619-506 *unknown*\*unknown* (8)
S-1-5-21-3775993406-1587906097-1752599619-507 *unknown*\*unknown* (8)
S-1-5-21-3775993406-1587906097-1752599619-508 *unknown*\*unknown* (8)
S-1-5-21-3775993406-1587906097-1752599619-509 *unknown*\*unknown* (8)
S-1-5-21-3775993406-1587906097-1752599619-510 *unknown*\*unknown* (8)
S-1-5-21-3775993406-1587906097-1752599619-511 *unknown*\*unknown* (8)
S-1-5-21-3775993406-1587906097-1752599619-512 *unknown*\*unknown* (8)
S-1-5-21-3775993406-1587906097-1752599619-513 PELICAN\None (Domain Group)
S-1-5-21-3775993406-1587906097-1752599619-514 *unknown*\*unknown* (8)
S-1-5-21-3775993406-1587906097-1752599619-515 *unknown*\*unknown* (8)
S-1-5-21-3775993406-1587906097-1752599619-516 *unknown*\*unknown* (8)
S-1-5-21-3775993406-1587906097-1752599619-517 *unknown*\*unknown* (8)
S-1-5-21-3775993406-1587906097-1752599619-518 *unknown*\*unknown* (8)
S-1-5-21-3775993406-1587906097-1752599619-519 *unknown*\*unknown* (8)
S-1-5-21-3775993406-1587906097-1752599619-520 *unknown*\*unknown* (8)
S-1-5-21-3775993406-1587906097-1752599619-521 *unknown*\*unknown* (8)
S-1-5-21-3775993406-1587906097-1752599619-522 *unknown*\*unknown* (8)
S-1-5-21-3775993406-1587906097-1752599619-523 *unknown*\*unknown* (8)
S-1-5-21-3775993406-1587906097-1752599619-524 *unknown*\*unknown* (8)
S-1-5-21-3775993406-1587906097-1752599619-525 *unknown*\*unknown* (8)
S-1-5-21-3775993406-1587906097-1752599619-526 *unknown*\*unknown* (8)
S-1-5-21-3775993406-1587906097-1752599619-527 *unknown*\*unknown* (8)
S-1-5-21-3775993406-1587906097-1752599619-528 *unknown*\*unknown* (8)
S-1-5-21-3775993406-1587906097-1752599619-529 *unknown*\*unknown* (8)
S-1-5-21-3775993406-1587906097-1752599619-530 *unknown*\*unknown* (8)
S-1-5-21-3775993406-1587906097-1752599619-531 *unknown*\*unknown* (8)
S-1-5-21-3775993406-1587906097-1752599619-532 *unknown*\*unknown* (8)
S-1-5-21-3775993406-1587906097-1752599619-533 *unknown*\*unknown* (8)
S-1-5-21-3775993406-1587906097-1752599619-534 *unknown*\*unknown* (8)
S-1-5-21-3775993406-1587906097-1752599619-535 *unknown*\*unknown* (8)
S-1-5-21-3775993406-1587906097-1752599619-536 *unknown*\*unknown* (8)
S-1-5-21-3775993406-1587906097-1752599619-537 *unknown*\*unknown* (8)
S-1-5-21-3775993406-1587906097-1752599619-538 *unknown*\*unknown* (8)
S-1-5-21-3775993406-1587906097-1752599619-539 *unknown*\*unknown* (8)
S-1-5-21-3775993406-1587906097-1752599619-540 *unknown*\*unknown* (8)
S-1-5-21-3775993406-1587906097-1752599619-541 *unknown*\*unknown* (8)
S-1-5-21-3775993406-1587906097-1752599619-542 *unknown*\*unknown* (8)
S-1-5-21-3775993406-1587906097-1752599619-543 *unknown*\*unknown* (8)
S-1-5-21-3775993406-1587906097-1752599619-544 *unknown*\*unknown* (8)
S-1-5-21-3775993406-1587906097-1752599619-545 *unknown*\*unknown* (8)
S-1-5-21-3775993406-1587906097-1752599619-546 *unknown*\*unknown* (8)
S-1-5-21-3775993406-1587906097-1752599619-547 *unknown*\*unknown* (8)
S-1-5-21-3775993406-1587906097-1752599619-548 *unknown*\*unknown* (8)
S-1-5-21-3775993406-1587906097-1752599619-549 *unknown*\*unknown* (8)
S-1-5-21-3775993406-1587906097-1752599619-550 *unknown*\*unknown* (8)
S-1-5-21-3775993406-1587906097-1752599619-1000 *unknown*\*unknown* (8)
S-1-5-21-3775993406-1587906097-1752599619-1001 *unknown*\*unknown* (8)
S-1-5-21-3775993406-1587906097-1752599619-1002 *unknown*\*unknown* (8)
S-1-5-21-3775993406-1587906097-1752599619-1003 *unknown*\*unknown* (8)
S-1-5-21-3775993406-1587906097-1752599619-1004 *unknown*\*unknown* (8)
S-1-5-21-3775993406-1587906097-1752599619-1005 *unknown*\*unknown* (8)
S-1-5-21-3775993406-1587906097-1752599619-1006 *unknown*\*unknown* (8)
S-1-5-21-3775993406-1587906097-1752599619-1007 *unknown*\*unknown* (8)
S-1-5-21-3775993406-1587906097-1752599619-1008 *unknown*\*unknown* (8)
S-1-5-21-3775993406-1587906097-1752599619-1009 *unknown*\*unknown* (8)
S-1-5-21-3775993406-1587906097-1752599619-1010 *unknown*\*unknown* (8)
S-1-5-21-3775993406-1587906097-1752599619-1011 *unknown*\*unknown* (8)
S-1-5-21-3775993406-1587906097-1752599619-1012 *unknown*\*unknown* (8)
S-1-5-21-3775993406-1587906097-1752599619-1013 *unknown*\*unknown* (8)
S-1-5-21-3775993406-1587906097-1752599619-1014 *unknown*\*unknown* (8)
S-1-5-21-3775993406-1587906097-1752599619-1015 *unknown*\*unknown* (8)
S-1-5-21-3775993406-1587906097-1752599619-1016 *unknown*\*unknown* (8)
S-1-5-21-3775993406-1587906097-1752599619-1017 *unknown*\*unknown* (8)
S-1-5-21-3775993406-1587906097-1752599619-1018 *unknown*\*unknown* (8)
S-1-5-21-3775993406-1587906097-1752599619-1019 *unknown*\*unknown* (8)
S-1-5-21-3775993406-1587906097-1752599619-1020 *unknown*\*unknown* (8)
S-1-5-21-3775993406-1587906097-1752599619-1021 *unknown*\*unknown* (8)
S-1-5-21-3775993406-1587906097-1752599619-1022 *unknown*\*unknown* (8)
S-1-5-21-3775993406-1587906097-1752599619-1023 *unknown*\*unknown* (8)
S-1-5-21-3775993406-1587906097-1752599619-1024 *unknown*\*unknown* (8)
S-1-5-21-3775993406-1587906097-1752599619-1025 *unknown*\*unknown* (8)
S-1-5-21-3775993406-1587906097-1752599619-1026 *unknown*\*unknown* (8)
S-1-5-21-3775993406-1587906097-1752599619-1027 *unknown*\*unknown* (8)
S-1-5-21-3775993406-1587906097-1752599619-1028 *unknown*\*unknown* (8)
S-1-5-21-3775993406-1587906097-1752599619-1029 *unknown*\*unknown* (8)
S-1-5-21-3775993406-1587906097-1752599619-1030 *unknown*\*unknown* (8)
S-1-5-21-3775993406-1587906097-1752599619-1031 *unknown*\*unknown* (8)
S-1-5-21-3775993406-1587906097-1752599619-1032 *unknown*\*unknown* (8)
S-1-5-21-3775993406-1587906097-1752599619-1033 *unknown*\*unknown* (8)
S-1-5-21-3775993406-1587906097-1752599619-1034 *unknown*\*unknown* (8)
S-1-5-21-3775993406-1587906097-1752599619-1035 *unknown*\*unknown* (8)
S-1-5-21-3775993406-1587906097-1752599619-1036 *unknown*\*unknown* (8)
S-1-5-21-3775993406-1587906097-1752599619-1037 *unknown*\*unknown* (8)
S-1-5-21-3775993406-1587906097-1752599619-1038 *unknown*\*unknown* (8)
S-1-5-21-3775993406-1587906097-1752599619-1039 *unknown*\*unknown* (8)
S-1-5-21-3775993406-1587906097-1752599619-1040 *unknown*\*unknown* (8)
S-1-5-21-3775993406-1587906097-1752599619-1041 *unknown*\*unknown* (8)
S-1-5-21-3775993406-1587906097-1752599619-1042 *unknown*\*unknown* (8)
S-1-5-21-3775993406-1587906097-1752599619-1043 *unknown*\*unknown* (8)
S-1-5-21-3775993406-1587906097-1752599619-1044 *unknown*\*unknown* (8)
S-1-5-21-3775993406-1587906097-1752599619-1045 *unknown*\*unknown* (8)
S-1-5-21-3775993406-1587906097-1752599619-1046 *unknown*\*unknown* (8)
S-1-5-21-3775993406-1587906097-1752599619-1047 *unknown*\*unknown* (8)
S-1-5-21-3775993406-1587906097-1752599619-1048 *unknown*\*unknown* (8)
S-1-5-21-3775993406-1587906097-1752599619-1049 *unknown*\*unknown* (8)
S-1-5-21-3775993406-1587906097-1752599619-1050 *unknown*\*unknown* (8)

 =============================================== 
|    Getting printer info for 192.168.241.98    |
 =============================================== 
No printers returned.


enum4linux complete on Wed Jun 22 20:17:05 2022

